{"target": -7.908049610641356, "params": {"x": 2.944305444532474, "y": 1.4889939262790364}, "datetime": {"datetime": "2022-02-18 13:34:56", "elapsed": 0.0, "delta": 0.0}}
{"target": 0.10143989028407252, "params": {"x": -0.597780039677974, "y": 1.7356759707089306}, "datetime": {"datetime": "2022-02-18 13:34:56", "elapsed": 0.001826, "delta": 0.001826}}
{"target": 0.9996569490213373, "params": {"x": -0.004544740582911129, "y": 0.9820446021571025}, "datetime": {"datetime": "2022-02-18 13:34:56", "elapsed": 0.414096, "delta": 0.41227}}
{"target": 0.9998100291650036, "params": {"x": -0.0015613137560561792, "y": 0.9863057262203688}, "datetime": {"datetime": "2022-02-18 13:34:57", "elapsed": 0.942401, "delta": 0.528305}}
{"target": 0.9998400836605414, "params": {"x": -0.008387480737844878, "y": 0.9905360417197222}, "datetime": {"datetime": "2022-02-18 13:34:57", "elapsed": 1.446176, "delta": 0.503775}}
